<?xml version="1.0" encoding="UTF-8"?>
<testsuite xmlns:xsi="http://www.w3.org/2001/XMLSchema-instance" xsi:noNamespaceSchemaLocation="https://maven.apache.org/surefire/maven-surefire-plugin/xsd/surefire-test-report-3.0.xsd" version="3.0" name="com.mycompany.roadconstruction.test.RoadConstructionReportTest" time="0.269" tests="4" errors="0" skipped="0" failures="1">
  <properties>
[...]
</properties>
  <testcase name="testPrintRoadsConstructedReport_OutputMatchesExpected" classname="com.mycompany.roadconstruction.test.RoadConstructionReportTest" time="0.12">
    <failure message="expected: &lt;&#10;ROAD CONSTRUCTION REPORT&#10;************************&#10;CITY: Cape Town&#10;ROADS CONSTRUCTED: 155&#10;************************&#10;&gt; but was: &lt;&#10;ROAD CONSTRUCTION REPORT&#10;************************&#10;CITY: Cape Town&#10;ROADS CONSTRUCTED: 155&#10;************************&#10;&gt;" type="org.opentest4j.AssertionFailedError"><![CDATA[org.opentest4j.AssertionFailedError: 
expected: <
ROAD CONSTRUCTION REPORT
************************
CITY: Cape Town
ROADS CONSTRUCTED: 155
************************
> but was: <
ROAD CONSTRUCTION REPORT
************************
CITY: Cape Town
ROADS CONSTRUCTED: 155
************************
>
	at org.junit.jupiter.api.AssertionFailureBuilder.build(AssertionFailureBuilder.java:151)
	at org.junit.jupiter.api.AssertionFailureBuilder.buildAndThrow(AssertionFailureBuilder.java:132)
	at org.junit.jupiter.api.AssertEquals.failNotEqual(AssertEquals.java:197)
	at org.junit.jupiter.api.AssertEquals.assertEquals(AssertEquals.java:182)
	at org.junit.jupiter.api.AssertEquals.assertEquals(AssertEquals.java:177)
	at org.junit.jupiter.api.Assertions.assertEquals(Assertions.java:1145)
	at com.mycompany.roadconstruction.test.RoadConstructionReportTest.testPrintRoadsConstructedReport_OutputMatchesExpected(RoadConstructionReportTest.java:52)
	at java.base/java.lang.reflect.Method.invoke(Method.java:580)
	at java.base/java.util.ArrayList.forEach(ArrayList.java:1597)
	at java.base/java.util.ArrayList.forEach(ArrayList.java:1597)
]]></failure>
  </testcase>
  <testcase name="testGetCity_ReturnsCorrectCity" classname="com.mycompany.roadconstruction.test.RoadConstructionReportTest" time="0.005"/>
  <testcase name="testPrintDoesNotThrowException" classname="com.mycompany.roadconstruction.test.RoadConstructionReportTest" time="0.008"/>
  <testcase name="testGetTotalRoadsConstructed_ReturnsCorrectValue" classname="com.mycompany.roadconstruction.test.RoadConstructionReportTest" time="0.004"/>
</testsuite>